Starting audit...
[ERROR] C:\Users\RavikRishna\Downloads\new2\ADS - 1 assignment\m24\1\Student.java:1: Missing a Javadoc comment. [JavadocType]
[ERROR] C:\Users\RavikRishna\Downloads\new2\ADS - 1 assignment\m24\1\Student.java:1:14: '{' is not preceded with whitespace. [WhitespaceAround]
[ERROR] C:\Users\RavikRishna\Downloads\new2\ADS - 1 assignment\m24\1\Student.java:2:1: File contains tab characters (this is the first instance). [FileTabCharacter]
[ERROR] C:\Users\RavikRishna\Downloads\new2\ADS - 1 assignment\m24\1\Student.java:2:9: Missing a Javadoc comment. [JavadocVariable]
[ERROR] C:\Users\RavikRishna\Downloads\new2\ADS - 1 assignment\m24\1\Student.java:2:13: Variable 'rollno' must be private and have accessor methods. [VisibilityModifier]
[ERROR] C:\Users\RavikRishna\Downloads\new2\ADS - 1 assignment\m24\1\Student.java:3:9: Missing a Javadoc comment. [JavadocVariable]
[ERROR] C:\Users\RavikRishna\Downloads\new2\ADS - 1 assignment\m24\1\Student.java:3:16: Variable 'name' must be private and have accessor methods. [VisibilityModifier]
[ERROR] C:\Users\RavikRishna\Downloads\new2\ADS - 1 assignment\m24\1\Student.java:4:9: Missing a Javadoc comment. [JavadocVariable]
[ERROR] C:\Users\RavikRishna\Downloads\new2\ADS - 1 assignment\m24\1\Student.java:4:16: Variable 'marks' must be private and have accessor methods. [VisibilityModifier]
[ERROR] C:\Users\RavikRishna\Downloads\new2\ADS - 1 assignment\m24\1\Student.java:5:9: Missing a Javadoc comment. [JavadocMethod]
[ERROR] C:\Users\RavikRishna\Downloads\new2\ADS - 1 assignment\m24\1\Student.java:5:17: Parameter name1 should be final. [FinalParameters]
[ERROR] C:\Users\RavikRishna\Downloads\new2\ADS - 1 assignment\m24\1\Student.java:5:31: Parameter marks1 should be final. [FinalParameters]
[ERROR] C:\Users\RavikRishna\Downloads\new2\ADS - 1 assignment\m24\1\Student.java:5:45: '{' is not preceded with whitespace. [WhitespaceAround]
[ERROR] C:\Users\RavikRishna\Downloads\new2\ADS - 1 assignment\m24\1\Student.java:13:9: Missing a Javadoc comment. [JavadocMethod]
[ERROR] C:\Users\RavikRishna\Downloads\new2\ADS - 1 assignment\m24\1\Student.java:16:9: Missing a Javadoc comment. [JavadocMethod]
[ERROR] C:\Users\RavikRishna\Downloads\new2\ADS - 1 assignment\m24\1\Student.java:19:9: Missing a Javadoc comment. [JavadocMethod]
Audit done.
Checkstyle ends with 16 errors.
